<?xml version="1.0" encoding="UTF-8"?>
<testng-results skipped="0" failed="0" ignored="0" total="2" passed="2">
  <reporter-output>
  </reporter-output>
  <suite name="Suite" duration-ms="38669" started-at="2020-12-25T13:24:44 IST" finished-at="2020-12-25T13:25:23 IST">
    <groups>
    </groups>
    <test name="Test" duration-ms="38669" started-at="2020-12-25T13:24:44 IST" finished-at="2020-12-25T13:25:23 IST">
      <class name="Test.TestloginPage">
        <test-method status="PASS" signature="launchBrowser()[pri:0, instance:Test.TestloginPage@57855c9a]" name="launchBrowser" is-config="true" duration-ms="14222" started-at="2020-12-25T13:24:44 IST" finished-at="2020-12-25T13:24:58 IST">
          <reporter-output>
          </reporter-output>
        </test-method> <!-- launchBrowser -->
        <test-method status="PASS" signature="Login()[pri:0, instance:Test.TestloginPage@57855c9a]" name="Login" duration-ms="8406" started-at="2020-12-25T13:24:58 IST" finished-at="2020-12-25T13:25:07 IST">
          <reporter-output>
          </reporter-output>
        </test-method> <!-- Login -->
        <test-method status="PASS" signature="closeBrowser()[pri:0, instance:Test.TestloginPage@57855c9a]" name="closeBrowser" is-config="true" duration-ms="176" started-at="2020-12-25T13:25:07 IST" finished-at="2020-12-25T13:25:07 IST">
          <reporter-output>
          </reporter-output>
        </test-method> <!-- closeBrowser -->
        <test-method status="PASS" signature="launchBrowser()[pri:0, instance:Test.TestloginPage@57855c9a]" name="launchBrowser" is-config="true" duration-ms="11962" started-at="2020-12-25T13:25:07 IST" finished-at="2020-12-25T13:25:19 IST">
          <reporter-output>
          </reporter-output>
        </test-method> <!-- launchBrowser -->
        <test-method status="PASS" signature="Login1()[pri:0, instance:Test.TestloginPage@57855c9a]" name="Login1" duration-ms="3660" started-at="2020-12-25T13:25:19 IST" finished-at="2020-12-25T13:25:23 IST">
          <reporter-output>
          </reporter-output>
        </test-method> <!-- Login1 -->
        <test-method status="PASS" signature="closeBrowser()[pri:0, instance:Test.TestloginPage@57855c9a]" name="closeBrowser" is-config="true" duration-ms="77" started-at="2020-12-25T13:25:23 IST" finished-at="2020-12-25T13:25:23 IST">
          <reporter-output>
          </reporter-output>
        </test-method> <!-- closeBrowser -->
      </class> <!-- Test.TestloginPage -->
    </test> <!-- Test -->
  </suite> <!-- Suite -->
</testng-results>
